c:\my projects\windev2021\04-winrt\05-hello world gui no grid no page no app\hello\x64\debug\hello.pch
c:\my projects\windev2021\04-winrt\05-hello world gui no grid no page no app\hello\x64\debug\vc142.pdb
c:\my projects\windev2021\04-winrt\05-hello world gui no grid no page no app\hello\x64\debug\vc142.idb
c:\my projects\windev2021\04-winrt\05-hello world gui no grid no page no app\hello\x64\debug\pch.obj
c:\my projects\windev2021\04-winrt\05-hello world gui no grid no page no app\hello\x64\debug\mypage.obj
c:\my projects\windev2021\04-winrt\05-hello world gui no grid no page no app\hello\x64\debug\hello.obj
c:\my projects\windev2021\04-winrt\05-hello world gui no grid no page no app\hello\x64\debug\hello\hello.winmd
c:\my projects\windev2021\04-winrt\05-hello world gui no grid no page no app\hello\x64\debug\hello\hello.lib
c:\my projects\windev2021\04-winrt\05-hello world gui no grid no page no app\hello\x64\debug\hello\hello.exp
c:\my projects\windev2021\04-winrt\05-hello world gui no grid no page no app\hello\x64\debug\hello.vcxproj.assemblyreference.cache
c:\my projects\windev2021\04-winrt\05-hello world gui no grid no page no app\hello\x64\debug\resourcehandlingtask.state
c:\my projects\windev2021\04-winrt\05-hello world gui no grid no page no app\hello\x64\debug\hello.vcxproj.generateresource.cache
c:\my projects\windev2021\04-winrt\05-hello world gui no grid no page no app\hello\x64\debug\priconfig.xml
c:\my projects\windev2021\04-winrt\05-hello world gui no grid no page no app\hello\x64\debug\priconfig.xml.intermediate
c:\my projects\windev2021\04-winrt\05-hello world gui no grid no page no app\hello\x64\debug\unfiltered.layout.resfiles
c:\my projects\windev2021\04-winrt\05-hello world gui no grid no page no app\hello\x64\debug\unfiltered.layout.resfiles.intermediate
c:\my projects\windev2021\04-winrt\05-hello world gui no grid no page no app\hello\x64\debug\filtered.layout.resfiles
c:\my projects\windev2021\04-winrt\05-hello world gui no grid no page no app\hello\x64\debug\filtered.layout.resfiles.intermediate
c:\my projects\windev2021\04-winrt\05-hello world gui no grid no page no app\hello\x64\debug\excluded.layout.resfiles
c:\my projects\windev2021\04-winrt\05-hello world gui no grid no page no app\hello\x64\debug\excluded.layout.resfiles.intermediate
c:\my projects\windev2021\04-winrt\05-hello world gui no grid no page no app\hello\x64\debug\resources.resfiles
c:\my projects\windev2021\04-winrt\05-hello world gui no grid no page no app\hello\x64\debug\resources.resfiles.intermediate
c:\my projects\windev2021\04-winrt\05-hello world gui no grid no page no app\hello\x64\debug\pri.resfiles
c:\my projects\windev2021\04-winrt\05-hello world gui no grid no page no app\hello\x64\debug\pri.resfiles.intermediate
c:\my projects\windev2021\04-winrt\05-hello world gui no grid no page no app\hello\x64\debug\hello\resources.pri
c:\my projects\windev2021\04-winrt\05-hello world gui no grid no page no app\hello\x64\debug\qualifiers.txt
c:\my projects\windev2021\04-winrt\05-hello world gui no grid no page no app\hello\x64\debug\qualifiers.txt.intermediate
c:\my projects\windev2021\04-winrt\05-hello world gui no grid no page no app\hello\x64\debug\multiplequalifiersperdimensionfound.txt
c:\my projects\windev2021\04-winrt\05-hello world gui no grid no page no app\hello\x64\debug\projectarchitectures.txt
c:\my projects\windev2021\04-winrt\05-hello world gui no grid no page no app\hello\x64\debug\hello\appxmanifest.xml
c:\my projects\windev2021\04-winrt\05-hello world gui no grid no page no app\hello\x64\debug\hello\hello.build.appxrecipe
c:\my projects\windev2021\04-winrt\05-hello world gui no grid no page no app\hello\x64\debug\hello.ilk
c:\my projects\windev2021\04-winrt\05-hello world gui no grid no page no app\hello\x64\debug\hello\hello.exe
c:\my projects\windev2021\04-winrt\05-hello world gui no grid no page no app\hello\x64\debug\hello\hello.pdb
c:\my projects\windev2021\04-winrt\07-event handling copde\hello\x64\debug\hello.vcxproj.assemblyreference.cache
c:\my projects\windev2021\04-winrt\07-event handling copde\hello\x64\debug\hello.vcxproj.generateresource.cache
c:\my projects\windev2021\04-winrt\07-event handling copde\hello\x64\debug\hello.obj
c:\my projects\windev2021\04-winrt\07-event handling copde\hello\x64\debug\mypage.obj
c:\my projects\windev2021\04-winrt\07-event handling copde\hello\x64\debug\pch.obj
c:\my projects\windev2021\04-winrt\07-event handling copde\hello\x64\debug\hello.ilk
c:\my projects\windev2021\04-winrt\07-event handling copde\hello\x64\debug\excluded.layout.resfiles
c:\my projects\windev2021\04-winrt\07-event handling copde\hello\x64\debug\filtered.layout.resfiles
c:\my projects\windev2021\04-winrt\07-event handling copde\hello\x64\debug\pri.resfiles
c:\my projects\windev2021\04-winrt\07-event handling copde\hello\x64\debug\resources.resfiles
c:\my projects\windev2021\04-winrt\07-event handling copde\hello\x64\debug\unfiltered.layout.resfiles
c:\my projects\windev2021\04-winrt\07-event handling copde\hello\x64\debug\hello.pch
c:\my projects\windev2021\04-winrt\07-event handling copde\hello\x64\debug\vc142.idb
c:\my projects\windev2021\04-winrt\07-event handling copde\hello\x64\debug\vc142.pdb
c:\my projects\windev2021\04-winrt\07-event handling copde\hello\x64\debug\priconfig.xml
c:\my projects\windev2021\04-winrt\07-event handling copde\hello\x64\debug\xamlsavestatefile.xml
c:\my projects\windev2021\04-winrt\07-event handling copde\hello\x64\debug\hello\hello.pdb
c:\my projects\windev2021\04-winrt\07-event handling copde\hello\x64\debug\hello\hello.exe
c:\my projects\windev2021\04-winrt\07-event handling copde\hello\x64\debug\hello.tlog\cl.command.1.tlog
c:\my projects\windev2021\04-winrt\07-event handling copde\hello\x64\debug\hello.tlog\cl.read.1.tlog
c:\my projects\windev2021\04-winrt\07-event handling copde\hello\x64\debug\hello.tlog\cl.write.1.tlog
c:\my projects\windev2021\04-winrt\07-event handling copde\hello\x64\debug\hello.tlog\hello.read.1u.tlog
c:\my projects\windev2021\04-winrt\07-event handling copde\hello\x64\debug\hello.tlog\hello.write.1u.tlog
c:\my projects\windev2021\04-winrt\07-event handling copde\hello\x64\debug\hello.tlog\link.command.1.tlog
c:\my projects\windev2021\04-winrt\07-event handling copde\hello\x64\debug\hello.tlog\link.delete.1.tlog
c:\my projects\windev2021\04-winrt\07-event handling copde\hello\x64\debug\hello.tlog\link.read.1.tlog
c:\my projects\windev2021\04-winrt\07-event handling copde\hello\x64\debug\hello.tlog\link.write.1.tlog
c:\my projects\windev2021\04-winrt\07-event handling copde\hello\generated files\app.g.h
c:\my projects\windev2021\04-winrt\07-event handling copde\hello\generated files\xamlbindinginfo.g.h
c:\my projects\windev2021\04-winrt\07-event handling copde\hello\generated files\xamltypeinfo.g.h
c:\my projects\windev2021\04-winrt\07-event handling copde\hello\generated files\xamllibmetadataprovider.g.cpp
c:\my projects\windev2021\04-winrt\07-event handling copde\hello\generated files\xamltypeinfo.impl.g.cpp
